Using pre-set license
Built from '2021.1/staging' branch; Version is '2021.1.11f1 (4d8c25f7477e) revision 5082149'; Using compiler version '192528614'; Build Type 'Release'
OS: 'Windows 10 Pro; OS build 19042.1165; Version 2009; 64bit' Language: 'en' Physical Memory: 65469 MB
BatchMode: 1, IsHumanControllingUs: 0, StartBugReporterOnCrash: 0, Is64bit: 1, IsPro: 0

 COMMAND LINE ARGUMENTS:
C:\UnityEditors\2021.1.11f1\Editor\Unity.exe
-adb2
-batchMode
-noUpm
-name
AssetImportWorker0
-projectPath
E:/Repositories/Five
-logFile
Logs/AssetImportWorker0.log
-srvPort
57675
Successfully changed project path to: E:/Repositories/Five
E:/Repositories/Five
Using Asset Import Pipeline V2.
Refreshing native plugins compatible for Editor in 112.61 ms, found 3 plugins.
Preloading 0 native plugins for Editor in 0.00 ms.
Initialize engine version: 2021.1.11f1 (4d8c25f7477e)
[Subsystems] Discovering subsystems at path C:/UnityEditors/2021.1.11f1/Editor/Data/Resources/UnitySubsystems
[Subsystems] Discovering subsystems at path E:/Repositories/Five/Assets
GfxDevice: creating device client; threaded=0; jobified=0
Direct3D:
    Version:  Direct3D 11.0 [level 11.1]
    Renderer: NVIDIA GeForce GTX 1080 (ID=0x1b80)
    Vendor:   NVIDIA
    VRAM:     8079 MB
    Driver:   30.0.14.7168
Initialize mono
Mono path[0] = 'C:/UnityEditors/2021.1.11f1/Editor/Data/Managed'
Mono path[1] = 'C:/UnityEditors/2021.1.11f1/Editor/Data/MonoBleedingEdge/lib/mono/unityjit'
Mono config path = 'C:/UnityEditors/2021.1.11f1/Editor/Data/MonoBleedingEdge/etc'
Using monoOptions --debugger-agent=transport=dt_socket,embedding=1,server=y,suspend=n,address=127.0.0.1:56736
Begin MonoManager ReloadAssembly
Registering precompiled unity dll's ...
Register platform support module: C:/UnityEditors/2021.1.11f1/Editor/Data/PlaybackEngines/WindowsStandaloneSupport/UnityEditor.WindowsStandalone.Extensions.dll
Registered in 0.002308 seconds.
Native extension for WindowsStandalone target not found
Refreshing native plugins compatible for Editor in 123.40 ms, found 3 plugins.
Preloading 0 native plugins for Editor in 0.00 ms.
Mono: successfully reloaded assembly
- Completed reload, in  1.315 seconds
Domain Reload Profiling:
	ReloadAssembly (1316ms)
		BeginReloadAssembly (57ms)
			ExecutionOrderSort (0ms)
			DisableScriptedObjects (0ms)
			BackupInstance (0ms)
			ReleaseScriptingObjects (0ms)
			CreateAndSetChildDomain (1ms)
		EndReloadAssembly (535ms)
			LoadAssemblies (54ms)
			RebuildTransferFunctionScriptingTraits (0ms)
			SetupTypeCache (186ms)
			ReleaseScriptCaches (0ms)
			RebuildScriptCaches (31ms)
			SetupLoadedEditorAssemblies (270ms)
				LogAssemblyErrors (0ms)
				InitializePlatformSupportModulesInManaged (7ms)
				SetLoadedEditorAssemblies (0ms)
				RefreshPlugins (123ms)
				BeforeProcessingInitializeOnLoad (1ms)
				ProcessInitializeOnLoadAttributes (106ms)
				ProcessInitializeOnLoadMethodAttributes (32ms)
				AfterProcessingInitializeOnLoad (0ms)
				EditorAssembliesLoaded (0ms)
			ExecutionOrderSort2 (0ms)
			AwakeInstancesAfterBackupRestoration (0ms)
Platform modules already initialized, skipping
Registering precompiled user dll's ...
Registered in 0.004550 seconds.
Begin MonoManager ReloadAssembly
Symbol file LoadedFromMemory doesn't match image E:\Repositories\Five\Library\PackageCache\com.unity.visualscripting@1.6.1\Editor\VisualScripting.Core\Dependencies\YamlDotNet\Unity.VisualScripting.YamlDotNet.dll
Symbol file LoadedFromMemory doesn't match image E:\Repositories\Five\Library\PackageCache\com.unity.visualscripting@1.6.1\Editor\VisualScripting.Core\Dependencies\DotNetZip\Unity.VisualScripting.IonicZip.dll
Native extension for WindowsStandalone target not found
Refreshing native plugins compatible for Editor in 123.45 ms, found 3 plugins.
Preloading 0 native plugins for Editor in 0.00 ms.
Mono: successfully reloaded assembly
- Completed reload, in  1.479 seconds
Domain Reload Profiling:
	ReloadAssembly (1479ms)
		BeginReloadAssembly (157ms)
			ExecutionOrderSort (0ms)
			DisableScriptedObjects (4ms)
			BackupInstance (0ms)
			ReleaseScriptingObjects (0ms)
			CreateAndSetChildDomain (22ms)
		EndReloadAssembly (1259ms)
			LoadAssemblies (95ms)
			RebuildTransferFunctionScriptingTraits (0ms)
			SetupTypeCache (445ms)
			ReleaseScriptCaches (1ms)
			RebuildScriptCaches (96ms)
			SetupLoadedEditorAssemblies (511ms)
				LogAssemblyErrors (0ms)
				InitializePlatformSupportModulesInManaged (5ms)
				SetLoadedEditorAssemblies (0ms)
				RefreshPlugins (124ms)
				BeforeProcessingInitializeOnLoad (102ms)
				ProcessInitializeOnLoadAttributes (266ms)
				ProcessInitializeOnLoadMethodAttributes (7ms)
				AfterProcessingInitializeOnLoad (7ms)
				EditorAssembliesLoaded (0ms)
			ExecutionOrderSort2 (0ms)
			AwakeInstancesAfterBackupRestoration (6ms)
Platform modules already initialized, skipping
========================================================================
Worker process is ready to serve import requests
Shader 'Universal Render Pipeline/Particles/Lit': fallback shader 'Universal Render Pipeline/Particles/SimpleLit' not found
Shader 'Universal Render Pipeline/Particles/Lit': fallback shader 'Universal Render Pipeline/Particles/SimpleLit' not found
Launched and connected shader compiler UnityShaderCompiler.exe after 0.04 seconds
Refreshing native plugins compatible for Editor in 1.03 ms, found 3 plugins.
Preloading 0 native plugins for Editor in 0.00 ms.
Unloading 4988 Unused Serialized files (Serialized files now loaded: 0)
System memory in use before: 192.4 MB.
System memory in use after: 189.9 MB.

Unloading 55 unused Assets to reduce memory usage. Loaded Objects now: 5404.
Total: 5.308600 ms (FindLiveObjects: 0.490400 ms CreateObjectMapping: 0.342300 ms MarkObjects: 3.165500 ms  DeleteObjects: 1.309000 ms)

AssetImportParameters requested are different than current active one (requested -> active):
  custom:framework-win-MediaFoundation: 216162199b28c13a410421893ffa2e32 -> 
  custom:video-decoder-ogg-theora: a1e56fd34408186e4bbccfd4996cb3dc -> 
  custom:container-muxer-webm: aa71ff27fc2769a1b78a27578f13a17b -> 
  custom:container-demuxer-webm: 4f35f7cbe854078d1ac9338744f61a02 -> 
  custom:container-demuxer-ogg: 62fdf1f143b41e24485cea50d1cbac27 -> 
  custom:video-encoder-webm-vp8: eb34c28f22e8b96e1ab97ce403110664 -> 
  custom:video-codec-MediaFoundation-h265: 746d11721c4dcdbdad8f713fa42b33f4 -> 
  custom:video-decoder-webm-vp8: 9c59270c3fd7afecdb556c50c9e8de78 -> 
  custom:audio-decoder-ogg-vorbis: bf7c407c2cedff20999df2af8eb42d56 -> 
  custom:audio-encoder-webm-vorbis: bf7c407c2cedff20999df2af8eb42d56 -> 
========================================================================
Received Import Request.
  path: Assets/Scenes/Main.unity
  artifactKey: Guid(a9bbe5cc37a4ea942b9660c3cdce83e4) Importer(815301076,1909f56bfc062723c751e8b465ee728b)
Start importing Assets/Scenes/Main.unity using Guid(a9bbe5cc37a4ea942b9660c3cdce83e4) Importer(815301076,1909f56bfc062723c751e8b465ee728b)  -> (artifact id: '3996381f22518b0899246a068142c97b') in 0.019993 seconds 
========================================================================
Received Import Request.
  Time since last request: 896.404615 seconds.
  path: Assets/Materials/WallText_Materials
  artifactKey: Guid(dec09c7d561a1744ea2694b58db1a953) Importer(815301076,1909f56bfc062723c751e8b465ee728b)
Start importing Assets/Materials/WallText_Materials using Guid(dec09c7d561a1744ea2694b58db1a953) Importer(815301076,1909f56bfc062723c751e8b465ee728b)  -> (artifact id: 'e625a8ea2e26260af703fd6ccf2cd4d7') in 0.006530 seconds 
========================================================================
Received Import Request.
  Time since last request: 6.160011 seconds.
  path: Assets/Materials/WallText_Materials/sheishungry.png
  artifactKey: Guid(022ac21edd63ed84a90ef91f132feab9) Importer(815301076,1909f56bfc062723c751e8b465ee728b)
Start importing Assets/Materials/WallText_Materials/sheishungry.png using Guid(022ac21edd63ed84a90ef91f132feab9) Importer(815301076,1909f56bfc062723c751e8b465ee728b)  -> (artifact id: 'e00bfdb4634036854add4c95217dc0f7') in 0.079839 seconds 
========================================================================
Received Import Request.
  Time since last request: 1.389470 seconds.
  path: Assets/Materials/WallText_Materials/happeningagain.png
  artifactKey: Guid(4a5a854a350512648a505f204dd6e5db) Importer(815301076,1909f56bfc062723c751e8b465ee728b)
Start importing Assets/Materials/WallText_Materials/happeningagain.png using Guid(4a5a854a350512648a505f204dd6e5db) Importer(815301076,1909f56bfc062723c751e8b465ee728b)  -> (artifact id: '168e74b1ee360f160ace58a181d15a16') in 0.012075 seconds 
========================================================================
Received Import Request.
  Time since last request: 30.828455 seconds.
  path: Assets/Scenes/WallText_Prototype.unity
  artifactKey: Guid(c162769d19dc2f248b84f69c9b37a58d) Importer(815301076,1909f56bfc062723c751e8b465ee728b)
Start importing Assets/Scenes/WallText_Prototype.unity using Guid(c162769d19dc2f248b84f69c9b37a58d) Importer(815301076,1909f56bfc062723c751e8b465ee728b)  -> (artifact id: '27d3a9f9b07a934520d73c630aaaea46') in 0.007371 seconds 
========================================================================
Received Import Request.
  Time since last request: 153.560502 seconds.
  path: Assets/ScriptableObjects/PaintingLady.asset
  artifactKey: Guid(945c1dd90d2c354498c47f578159ff2b) Importer(815301076,1909f56bfc062723c751e8b465ee728b)
Start importing Assets/ScriptableObjects/PaintingLady.asset using Guid(945c1dd90d2c354498c47f578159ff2b) Importer(815301076,1909f56bfc062723c751e8b465ee728b)  -> (artifact id: 'e6cc34e82a25284e05c7a3d639031034') in 0.007861 seconds 
========================================================================
Received Import Request.
  Time since last request: 1.061388 seconds.
  path: Assets/ScriptableObjects/WallPlaque.asset
  artifactKey: Guid(732a4050488ff794c875c47185f1cc95) Importer(815301076,1909f56bfc062723c751e8b465ee728b)
Start importing Assets/ScriptableObjects/WallPlaque.asset using Guid(732a4050488ff794c875c47185f1cc95) Importer(815301076,1909f56bfc062723c751e8b465ee728b)  -> (artifact id: 'c9e2b97b93d006c8761e6b430c246904') in 0.005588 seconds 
========================================================================
Received Import Request.
  Time since last request: 1.063120 seconds.
  path: Assets/ScriptableObjects/ThreeBarons.asset
  artifactKey: Guid(95069c805f4e09d4c93a16014281a0a7) Importer(815301076,1909f56bfc062723c751e8b465ee728b)
Start importing Assets/ScriptableObjects/ThreeBarons.asset using Guid(95069c805f4e09d4c93a16014281a0a7) Importer(815301076,1909f56bfc062723c751e8b465ee728b)  -> (artifact id: '7a20beb801f6507333b0b5908759af16') in 0.005443 seconds 
========================================================================
Received Prepare
Registering precompiled user dll's ...
Registered in 0.076973 seconds.
Begin MonoManager ReloadAssembly
Symbol file LoadedFromMemory doesn't match image E:\Repositories\Five\Library\PackageCache\com.unity.visualscripting@1.6.1\Editor\VisualScripting.Core\Dependencies\YamlDotNet\Unity.VisualScripting.YamlDotNet.dll
Symbol file LoadedFromMemory doesn't match image E:\Repositories\Five\Library\PackageCache\com.unity.visualscripting@1.6.1\Editor\VisualScripting.Core\Dependencies\DotNetZip\Unity.VisualScripting.IonicZip.dll
Native extension for WindowsStandalone target not found
Refreshing native plugins compatible for Editor in 0.91 ms, found 3 plugins.
Preloading 0 native plugins for Editor in 0.00 ms.
Mono: successfully reloaded assembly
- Completed reload, in  1.135 seconds
Domain Reload Profiling:
	ReloadAssembly (1135ms)
		BeginReloadAssembly (101ms)
			ExecutionOrderSort (0ms)
			DisableScriptedObjects (4ms)
			BackupInstance (0ms)
			ReleaseScriptingObjects (0ms)
			CreateAndSetChildDomain (38ms)
		EndReloadAssembly (979ms)
			LoadAssemblies (77ms)
			RebuildTransferFunctionScriptingTraits (0ms)
			SetupTypeCache (347ms)
			ReleaseScriptCaches (2ms)
			RebuildScriptCaches (66ms)
			SetupLoadedEditorAssemblies (364ms)
				LogAssemblyErrors (0ms)
				InitializePlatformSupportModulesInManaged (4ms)
				SetLoadedEditorAssemblies (0ms)
				RefreshPlugins (1ms)
				BeforeProcessingInitializeOnLoad (66ms)
				ProcessInitializeOnLoadAttributes (281ms)
				ProcessInitializeOnLoadMethodAttributes (5ms)
				AfterProcessingInitializeOnLoad (6ms)
				EditorAssembliesLoaded (0ms)
			ExecutionOrderSort2 (0ms)
			AwakeInstancesAfterBackupRestoration (12ms)
Platform modules already initialized, skipping
Shader 'Universal Render Pipeline/Particles/Lit': fallback shader 'Universal Render Pipeline/Particles/SimpleLit' not found
Shader 'Universal Render Pipeline/Particles/Lit': fallback shader 'Universal Render Pipeline/Particles/SimpleLit' not found
Refreshing native plugins compatible for Editor in 0.85 ms, found 3 plugins.
Preloading 0 native plugins for Editor in 0.00 ms.
Unloading 4888 Unused Serialized files (Serialized files now loaded: 0)
System memory in use before: 187.5 MB.
System memory in use after: 185.2 MB.

Unloading 50 unused Assets to reduce memory usage. Loaded Objects now: 5439.
Total: 6.813200 ms (FindLiveObjects: 0.403600 ms CreateObjectMapping: 0.332600 ms MarkObjects: 4.184000 ms  DeleteObjects: 1.891900 ms)

AssetImportParameters requested are different than current active one (requested -> active):
  custom:framework-win-MediaFoundation: 216162199b28c13a410421893ffa2e32 -> 
  custom:video-decoder-ogg-theora: a1e56fd34408186e4bbccfd4996cb3dc -> 
  custom:container-muxer-webm: aa71ff27fc2769a1b78a27578f13a17b -> 
  custom:container-demuxer-webm: 4f35f7cbe854078d1ac9338744f61a02 -> 
  custom:container-demuxer-ogg: 62fdf1f143b41e24485cea50d1cbac27 -> 
  custom:video-encoder-webm-vp8: eb34c28f22e8b96e1ab97ce403110664 -> 
  custom:video-codec-MediaFoundation-h265: 746d11721c4dcdbdad8f713fa42b33f4 -> 
  custom:video-decoder-webm-vp8: 9c59270c3fd7afecdb556c50c9e8de78 -> 
  custom:audio-decoder-ogg-vorbis: bf7c407c2cedff20999df2af8eb42d56 -> 
  custom:audio-encoder-webm-vorbis: bf7c407c2cedff20999df2af8eb42d56 -> 
========================================================================
Received Import Request.
  Time since last request: 136.093665 seconds.
  path: Assets/Scenes/Painting_Prototyping.unity
  artifactKey: Guid(3fecac4ec8ae3cd40b5b139156a3ec93) Importer(815301076,1909f56bfc062723c751e8b465ee728b)
Start importing Assets/Scenes/Painting_Prototyping.unity using Guid(3fecac4ec8ae3cd40b5b139156a3ec93) Importer(815301076,1909f56bfc062723c751e8b465ee728b)  -> (artifact id: 'ddc5e640e2d53f0976d2b5f3711c25d7') in 0.032769 seconds 
========================================================================
Received Import Request.
  Time since last request: 1.424420 seconds.
  path: Assets/Scenes/Notes_Prototype.unity
  artifactKey: Guid(0413729474a270e4b919f34cb797c258) Importer(815301076,1909f56bfc062723c751e8b465ee728b)
Start importing Assets/Scenes/Notes_Prototype.unity using Guid(0413729474a270e4b919f34cb797c258) Importer(815301076,1909f56bfc062723c751e8b465ee728b)  -> (artifact id: 'a780f2c8f76342de856e7fd86a431a77') in 0.006012 seconds 
========================================================================
Received Prepare
Registering precompiled user dll's ...
Registered in 0.003938 seconds.
Begin MonoManager ReloadAssembly
Symbol file LoadedFromMemory doesn't match image E:\Repositories\Five\Library\PackageCache\com.unity.visualscripting@1.6.1\Editor\VisualScripting.Core\Dependencies\YamlDotNet\Unity.VisualScripting.YamlDotNet.dll
Symbol file LoadedFromMemory doesn't match image E:\Repositories\Five\Library\PackageCache\com.unity.visualscripting@1.6.1\Editor\VisualScripting.Core\Dependencies\DotNetZip\Unity.VisualScripting.IonicZip.dll
Native extension for WindowsStandalone target not found
Refreshing native plugins compatible for Editor in 0.84 ms, found 3 plugins.
Preloading 0 native plugins for Editor in 0.00 ms.
Mono: successfully reloaded assembly
- Completed reload, in  1.133 seconds
Domain Reload Profiling:
	ReloadAssembly (1133ms)
		BeginReloadAssembly (110ms)
			ExecutionOrderSort (0ms)
			DisableScriptedObjects (5ms)
			BackupInstance (0ms)
			ReleaseScriptingObjects (0ms)
			CreateAndSetChildDomain (43ms)
		EndReloadAssembly (960ms)
			LoadAssemblies (82ms)
			RebuildTransferFunctionScriptingTraits (0ms)
			SetupTypeCache (363ms)
			ReleaseScriptCaches (2ms)
			RebuildScriptCaches (71ms)
			SetupLoadedEditorAssemblies (338ms)
				LogAssemblyErrors (0ms)
				InitializePlatformSupportModulesInManaged (4ms)
				SetLoadedEditorAssemblies (0ms)
				RefreshPlugins (1ms)
				BeforeProcessingInitializeOnLoad (68ms)
				ProcessInitializeOnLoadAttributes (252ms)
				ProcessInitializeOnLoadMethodAttributes (5ms)
				AfterProcessingInitializeOnLoad (6ms)
				EditorAssembliesLoaded (0ms)
			ExecutionOrderSort2 (0ms)
			AwakeInstancesAfterBackupRestoration (12ms)
Platform modules already initialized, skipping
Shader 'Universal Render Pipeline/Particles/Lit': fallback shader 'Universal Render Pipeline/Particles/SimpleLit' not found
Shader 'Universal Render Pipeline/Particles/Lit': fallback shader 'Universal Render Pipeline/Particles/SimpleLit' not found
Refreshing native plugins compatible for Editor in 0.84 ms, found 3 plugins.
Preloading 0 native plugins for Editor in 0.00 ms.
Unloading 4886 Unused Serialized files (Serialized files now loaded: 0)
System memory in use before: 187.6 MB.
System memory in use after: 185.2 MB.

Unloading 50 unused Assets to reduce memory usage. Loaded Objects now: 5442.
Total: 4.462000 ms (FindLiveObjects: 0.502100 ms CreateObjectMapping: 0.405600 ms MarkObjects: 2.530600 ms  DeleteObjects: 1.022600 ms)

AssetImportParameters requested are different than current active one (requested -> active):
  custom:framework-win-MediaFoundation: 216162199b28c13a410421893ffa2e32 -> 
  custom:video-decoder-ogg-theora: a1e56fd34408186e4bbccfd4996cb3dc -> 
  custom:container-muxer-webm: aa71ff27fc2769a1b78a27578f13a17b -> 
  custom:container-demuxer-webm: 4f35f7cbe854078d1ac9338744f61a02 -> 
  custom:container-demuxer-ogg: 62fdf1f143b41e24485cea50d1cbac27 -> 
  custom:video-encoder-webm-vp8: eb34c28f22e8b96e1ab97ce403110664 -> 
  custom:video-codec-MediaFoundation-h265: 746d11721c4dcdbdad8f713fa42b33f4 -> 
  custom:video-decoder-webm-vp8: 9c59270c3fd7afecdb556c50c9e8de78 -> 
  custom:audio-decoder-ogg-vorbis: bf7c407c2cedff20999df2af8eb42d56 -> 
  custom:audio-encoder-webm-vorbis: bf7c407c2cedff20999df2af8eb42d56 -> 
========================================================================
Received Import Request.
  Time since last request: 1008.271861 seconds.
  path: Assets/Scenes/Painting_Association.unity
  artifactKey: Guid(278ce3bb34b04514eabfb6660104bc85) Importer(815301076,1909f56bfc062723c751e8b465ee728b)
Start importing Assets/Scenes/Painting_Association.unity using Guid(278ce3bb34b04514eabfb6660104bc85) Importer(815301076,1909f56bfc062723c751e8b465ee728b)  -> (artifact id: 'b032c82925850478b5cb4f63aae6a361') in 0.037671 seconds 
========================================================================
Received Prepare
Registering precompiled user dll's ...
Registered in 0.004626 seconds.
Begin MonoManager ReloadAssembly
Symbol file LoadedFromMemory doesn't match image E:\Repositories\Five\Library\PackageCache\com.unity.visualscripting@1.6.1\Editor\VisualScripting.Core\Dependencies\YamlDotNet\Unity.VisualScripting.YamlDotNet.dll
Symbol file LoadedFromMemory doesn't match image E:\Repositories\Five\Library\PackageCache\com.unity.visualscripting@1.6.1\Editor\VisualScripting.Core\Dependencies\DotNetZip\Unity.VisualScripting.IonicZip.dll
Native extension for WindowsStandalone target not found
Refreshing native plugins compatible for Editor in 1.02 ms, found 3 plugins.
Preloading 0 native plugins for Editor in 0.00 ms.
Mono: successfully reloaded assembly
- Completed reload, in  1.076 seconds
Domain Reload Profiling:
	ReloadAssembly (1077ms)
		BeginReloadAssembly (102ms)
			ExecutionOrderSort (0ms)
			DisableScriptedObjects (5ms)
			BackupInstance (0ms)
			ReleaseScriptingObjects (0ms)
			CreateAndSetChildDomain (39ms)
		EndReloadAssembly (921ms)
			LoadAssemblies (79ms)
			RebuildTransferFunctionScriptingTraits (0ms)
			SetupTypeCache (368ms)
			ReleaseScriptCaches (2ms)
			RebuildScriptCaches (67ms)
			SetupLoadedEditorAssemblies (299ms)
				LogAssemblyErrors (0ms)
				InitializePlatformSupportModulesInManaged (5ms)
				SetLoadedEditorAssemblies (0ms)
				RefreshPlugins (1ms)
				BeforeProcessingInitializeOnLoad (69ms)
				ProcessInitializeOnLoadAttributes (213ms)
				ProcessInitializeOnLoadMethodAttributes (6ms)
				AfterProcessingInitializeOnLoad (6ms)
				EditorAssembliesLoaded (0ms)
			ExecutionOrderSort2 (0ms)
			AwakeInstancesAfterBackupRestoration (11ms)
Platform modules already initialized, skipping
Shader 'Universal Render Pipeline/Particles/Lit': fallback shader 'Universal Render Pipeline/Particles/SimpleLit' not found
Shader 'Universal Render Pipeline/Particles/Lit': fallback shader 'Universal Render Pipeline/Particles/SimpleLit' not found
Refreshing native plugins compatible for Editor in 0.85 ms, found 3 plugins.
Preloading 0 native plugins for Editor in 0.00 ms.
Unloading 4886 Unused Serialized files (Serialized files now loaded: 0)
System memory in use before: 187.6 MB.
System memory in use after: 185.3 MB.

Unloading 50 unused Assets to reduce memory usage. Loaded Objects now: 5445.
Total: 4.020900 ms (FindLiveObjects: 0.405800 ms CreateObjectMapping: 0.313500 ms MarkObjects: 2.162900 ms  DeleteObjects: 1.137000 ms)

AssetImportParameters requested are different than current active one (requested -> active):
  custom:framework-win-MediaFoundation: 216162199b28c13a410421893ffa2e32 -> 
  custom:video-decoder-ogg-theora: a1e56fd34408186e4bbccfd4996cb3dc -> 
  custom:container-muxer-webm: aa71ff27fc2769a1b78a27578f13a17b -> 
  custom:container-demuxer-webm: 4f35f7cbe854078d1ac9338744f61a02 -> 
  custom:container-demuxer-ogg: 62fdf1f143b41e24485cea50d1cbac27 -> 
  custom:video-encoder-webm-vp8: eb34c28f22e8b96e1ab97ce403110664 -> 
  custom:video-codec-MediaFoundation-h265: 746d11721c4dcdbdad8f713fa42b33f4 -> 
  custom:video-decoder-webm-vp8: 9c59270c3fd7afecdb556c50c9e8de78 -> 
  custom:audio-decoder-ogg-vorbis: bf7c407c2cedff20999df2af8eb42d56 -> 
  custom:audio-encoder-webm-vorbis: bf7c407c2cedff20999df2af8eb42d56 -> 
========================================================================
Received Import Request.
  Time since last request: 454.789508 seconds.
  path: Assets/Scenes/TextInteraction_Prototype.unity
  artifactKey: Guid(6f6f3d577c8d72f49b57f32bbf2b076f) Importer(815301076,1909f56bfc062723c751e8b465ee728b)
Start importing Assets/Scenes/TextInteraction_Prototype.unity using Guid(6f6f3d577c8d72f49b57f32bbf2b076f) Importer(815301076,1909f56bfc062723c751e8b465ee728b)  -> (artifact id: '1309c70f518a196e0a24bfc97f2fa424') in 0.028629 seconds 
========================================================================
Received Import Request.
  Time since last request: 115.857150 seconds.
  path: Assets/VFX/Void_Stars_FX.vfx
  artifactKey: Guid(4e3bc419c18a083458b9fb7b672c83be) Importer(815301076,1909f56bfc062723c751e8b465ee728b)
Start importing Assets/VFX/Void_Stars_FX.vfx using Guid(4e3bc419c18a083458b9fb7b672c83be) Importer(815301076,1909f56bfc062723c751e8b465ee728b)  -> (artifact id: '2b040efce253b53586db5468013a673f') in 0.009300 seconds 
========================================================================
Received Import Request.
  Time since last request: 3.467152 seconds.
  path: Assets/VFX/Void_Stars_FX.vfx
  artifactKey: Guid(4e3bc419c18a083458b9fb7b672c83be) Importer(815301076,1909f56bfc062723c751e8b465ee728b)
Start importing Assets/VFX/Void_Stars_FX.vfx using Guid(4e3bc419c18a083458b9fb7b672c83be) Importer(815301076,1909f56bfc062723c751e8b465ee728b)  -> (artifact id: 'ccae0a2a2dbfc0faaaa5907dfe6c69c4') in 0.002808 seconds 
========================================================================
Received Import Request.
  Time since last request: 4.441202 seconds.
  path: Assets/VFX/Void_Stars_FX.vfx
  artifactKey: Guid(4e3bc419c18a083458b9fb7b672c83be) Importer(815301076,1909f56bfc062723c751e8b465ee728b)
Start importing Assets/VFX/Void_Stars_FX.vfx using Guid(4e3bc419c18a083458b9fb7b672c83be) Importer(815301076,1909f56bfc062723c751e8b465ee728b)  -> (artifact id: 'b5a6947833e2e1816bcf2cb67496daed') in 0.002985 seconds 
========================================================================
Received Import Request.
  Time since last request: 0.454839 seconds.
  path: Assets/VFX/Void_Stars_FX.vfx
  artifactKey: Guid(4e3bc419c18a083458b9fb7b672c83be) Importer(815301076,1909f56bfc062723c751e8b465ee728b)
Start importing Assets/VFX/Void_Stars_FX.vfx using Guid(4e3bc419c18a083458b9fb7b672c83be) Importer(815301076,1909f56bfc062723c751e8b465ee728b)  -> (artifact id: 'c460cf42891331a3dfbf546ea0ae003c') in 0.002983 seconds 
========================================================================
Received Import Request.
  Time since last request: 143.351309 seconds.
  path: Assets/Timelines/TitleCard_Timeline.playable
  artifactKey: Guid(bc3c976f73ea21f4887e16452fd84646) Importer(815301076,1909f56bfc062723c751e8b465ee728b)
Start importing Assets/Timelines/TitleCard_Timeline.playable using Guid(bc3c976f73ea21f4887e16452fd84646) Importer(815301076,1909f56bfc062723c751e8b465ee728b)  -> (artifact id: 'fbee3ccb154e41f7f62baa59fcb94cf8') in 0.018949 seconds 
========================================================================
Received Prepare
Registering precompiled user dll's ...
Registered in 0.004955 seconds.
Begin MonoManager ReloadAssembly
Symbol file LoadedFromMemory doesn't match image E:\Repositories\Five\Library\PackageCache\com.unity.visualscripting@1.6.1\Editor\VisualScripting.Core\Dependencies\YamlDotNet\Unity.VisualScripting.YamlDotNet.dll
Symbol file LoadedFromMemory doesn't match image E:\Repositories\Five\Library\PackageCache\com.unity.visualscripting@1.6.1\Editor\VisualScripting.Core\Dependencies\DotNetZip\Unity.VisualScripting.IonicZip.dll
Native extension for WindowsStandalone target not found
Refreshing native plugins compatible for Editor in 0.96 ms, found 3 plugins.
Preloading 0 native plugins for Editor in 0.00 ms.
Mono: successfully reloaded assembly
- Completed reload, in  1.299 seconds
Domain Reload Profiling:
	ReloadAssembly (1299ms)
		BeginReloadAssembly (120ms)
			ExecutionOrderSort (0ms)
			DisableScriptedObjects (6ms)
			BackupInstance (0ms)
			ReleaseScriptingObjects (0ms)
			CreateAndSetChildDomain (46ms)
		EndReloadAssembly (1115ms)
			LoadAssemblies (100ms)
			RebuildTransferFunctionScriptingTraits (0ms)
			SetupTypeCache (449ms)
			ReleaseScriptCaches (2ms)
			RebuildScriptCaches (83ms)
			SetupLoadedEditorAssemblies (356ms)
				LogAssemblyErrors (0ms)
				InitializePlatformSupportModulesInManaged (5ms)
				SetLoadedEditorAssemblies (0ms)
				RefreshPlugins (1ms)
				BeforeProcessingInitializeOnLoad (82ms)
				ProcessInitializeOnLoadAttributes (254ms)
				ProcessInitializeOnLoadMethodAttributes (6ms)
				AfterProcessingInitializeOnLoad (7ms)
				EditorAssembliesLoaded (0ms)
			ExecutionOrderSort2 (0ms)
			AwakeInstancesAfterBackupRestoration (16ms)
Platform modules already initialized, skipping
Shader 'Universal Render Pipeline/Particles/Lit': fallback shader 'Universal Render Pipeline/Particles/SimpleLit' not found
Shader 'Universal Render Pipeline/Particles/Lit': fallback shader 'Universal Render Pipeline/Particles/SimpleLit' not found
Refreshing native plugins compatible for Editor in 1.00 ms, found 3 plugins.
Preloading 0 native plugins for Editor in 0.00 ms.
Unloading 4886 Unused Serialized files (Serialized files now loaded: 0)
System memory in use before: 187.6 MB.
System memory in use after: 185.4 MB.

Unloading 50 unused Assets to reduce memory usage. Loaded Objects now: 5448.
Total: 5.822800 ms (FindLiveObjects: 0.785800 ms CreateObjectMapping: 0.477300 ms MarkObjects: 3.407100 ms  DeleteObjects: 1.150200 ms)

AssetImportParameters requested are different than current active one (requested -> active):
  custom:framework-win-MediaFoundation: 216162199b28c13a410421893ffa2e32 -> 
  custom:video-decoder-ogg-theora: a1e56fd34408186e4bbccfd4996cb3dc -> 
  custom:container-muxer-webm: aa71ff27fc2769a1b78a27578f13a17b -> 
  custom:container-demuxer-webm: 4f35f7cbe854078d1ac9338744f61a02 -> 
  custom:container-demuxer-ogg: 62fdf1f143b41e24485cea50d1cbac27 -> 
  custom:video-encoder-webm-vp8: eb34c28f22e8b96e1ab97ce403110664 -> 
  custom:video-codec-MediaFoundation-h265: 746d11721c4dcdbdad8f713fa42b33f4 -> 
  custom:video-decoder-webm-vp8: 9c59270c3fd7afecdb556c50c9e8de78 -> 
  custom:audio-decoder-ogg-vorbis: bf7c407c2cedff20999df2af8eb42d56 -> 
  custom:audio-encoder-webm-vorbis: bf7c407c2cedff20999df2af8eb42d56 -> 
========================================================================
Received Import Request.
  Time since last request: 1753.716031 seconds.
  path: Assets/Shaders/VHSEffect.shader
  artifactKey: Guid(0aef911995f310541a7e88459303a17f) Importer(815301076,1909f56bfc062723c751e8b465ee728b)
Start importing Assets/Shaders/VHSEffect.shader using Guid(0aef911995f310541a7e88459303a17f) Importer(815301076,1909f56bfc062723c751e8b465ee728b)  -> (artifact id: 'ce684c420d9f20f397980d27ef5d4926') in 0.038242 seconds 
========================================================================
Received Import Request.
  Time since last request: 116.892811 seconds.
  path: Assets/Shaders/VHSEffect.shader
  artifactKey: Guid(0aef911995f310541a7e88459303a17f) Importer(815301076,1909f56bfc062723c751e8b465ee728b)
Start importing Assets/Shaders/VHSEffect.shader using Guid(0aef911995f310541a7e88459303a17f) Importer(815301076,1909f56bfc062723c751e8b465ee728b)  -> (artifact id: 'b38074610d190eb014b699742e6deafd') in 0.010384 seconds 
========================================================================
Received Import Request.
  Time since last request: 90.194270 seconds.
  path: Assets/Shaders/Subgraphs/VertexJitter.shadersubgraph
  artifactKey: Guid(147b9c93c69feb0489f5f2b709013902) Importer(815301076,1909f56bfc062723c751e8b465ee728b)
Start importing Assets/Shaders/Subgraphs/VertexJitter.shadersubgraph using Guid(147b9c93c69feb0489f5f2b709013902) Importer(815301076,1909f56bfc062723c751e8b465ee728b)  -> (artifact id: 'a814fa0fb35ec945363fd785a947046a') in 0.033142 seconds 
========================================================================
Received Import Request.
  Time since last request: 6933.329251 seconds.
  path: Assets/Scripts/StaticTest.cs
  artifactKey: Guid(a16e0a2b97d4a5641852663689185ef5) Importer(815301076,1909f56bfc062723c751e8b465ee728b)
Start importing Assets/Scripts/StaticTest.cs using Guid(a16e0a2b97d4a5641852663689185ef5) Importer(815301076,1909f56bfc062723c751e8b465ee728b)  -> (artifact id: 'ef29906917a2e0df1007b965d07cb679') in 0.045137 seconds 
AssetImportWorkerClient::OnTransportError - code=2 error=End of file
